2025-12-05 01:01:55,808 [1] INFO  - Страница загружена: https://www.wienerborse.at/en/bonds/
2025-12-05 01:01:55,821 [1] INFO  - Получение количества страниц таблицы
2025-12-05 01:01:55,844 [1] INFO  - Успешное получение количества страниц таблицы. Страниц: 757
2025-12-05 01:01:55,849 [1] DEBUG - Получение данных со страницы
2025-12-05 01:01:57,855 [18] DEBUG - Задержка для следующего парсинга страниц: 1906
2025-12-05 01:01:57,887 [16] DEBUG - Задержка для следующего парсинга страниц: 1950
2025-12-05 01:01:57,919 [14] DEBUG - Задержка для следующего парсинга страниц: 2011
2025-12-05 01:01:59,476 [5] DEBUG - Задержка для следующего парсинга страниц: 3581
2025-12-05 01:01:59,600 [20] DEBUG - Задержка для следующего парсинга страниц: 2696
2025-12-05 01:01:59,832 [12] DEBUG - Задержка для следующего парсинга страниц: 3927
2025-12-05 01:02:00,331 [1] DEBUG - Задержка для следующего парсинга страниц: 4437
2025-12-05 01:02:00,488 [17] DEBUG - Задержка для следующего парсинга страниц: 4555
2025-12-05 01:02:00,582 [13] DEBUG - Задержка для следующего парсинга страниц: 4667
2025-12-05 01:02:00,630 [9] DEBUG - Задержка для следующего парсинга страниц: 4729
2025-12-05 01:02:00,630 [7] DEBUG - Задержка для следующего парсинга страниц: 4741
2025-12-05 01:02:00,678 [10] DEBUG - Задержка для следующего парсинга страниц: 4787
2025-12-05 01:02:00,710 [15] DEBUG - Задержка для следующего парсинга страниц: 4774
2025-12-05 01:02:00,805 [21] DEBUG - Задержка для следующего парсинга страниц: 1494
2025-12-05 01:02:00,918 [19] DEBUG - Задержка для следующего парсинга страниц: 4961
2025-12-05 01:02:05,811 [23] DEBUG - Задержка для следующего парсинга страниц: 1102
2025-12-05 01:02:07,010 [22] DEBUG - Задержка для следующего парсинга страниц: 4270
2025-12-05 01:02:09,746 [26] DEBUG - Задержка для следующего парсинга страниц: 1050
2025-12-05 01:02:10,279 [24] DEBUG - Задержка для следующего парсинга страниц: 4431
2025-12-05 01:02:11,853 [25] DEBUG - Задержка для следующего парсинга страниц: 3091
2025-12-05 01:02:12,634 [27] DEBUG - Задержка для следующего парсинга страниц: 2901
2025-12-05 01:02:14,109 [28] DEBUG - Задержка для следующего парсинга страниц: 2086
2025-12-05 01:02:18,251 [16] INFO  - Страница загружена: https://www.wienerborse.at/en/bonds/?c7928-page=226
2025-12-05 01:02:18,255 [16] DEBUG - Вытянута 226 страница из 757
2025-12-05 01:02:18,325 [18] INFO  - Страница загружена: https://www.wienerborse.at/en/bonds/?c7928-page=276
2025-12-05 01:02:18,330 [18] DEBUG - Вытянута 276 страница из 757
2025-12-05 01:02:18,636 [30] DEBUG - Задержка для следующего парсинга страниц: 4119
2025-12-05 01:02:19,760 [29] DEBUG - Задержка для следующего парсинга страниц: 3292
2025-12-05 01:02:19,760 [31] DEBUG - Задержка для следующего парсинга страниц: 3748
2025-12-05 01:02:21,055 [18] DEBUG - Задержка для следующего парсинга страниц: 2714
2025-12-05 01:02:22,287 [33] DEBUG - Задержка для следующего парсинга страниц: 2713
2025-12-05 01:02:22,303 [32] DEBUG - Задержка для следующего парсинга страниц: 4915
2025-12-05 01:02:22,587 [16] DEBUG - Задержка для следующего парсинга страниц: 4314
2025-12-05 01:02:26,841 [35] DEBUG - Задержка для следующего парсинга страниц: 3149
2025-12-05 01:02:26,879 [12] INFO  - Страница загружена: https://www.wienerborse.at/en/bonds/?c7928-page=126
2025-12-05 01:02:26,889 [12] DEBUG - Вытянута 126 страница из 757
2025-12-05 01:02:27,296 [34] DEBUG - Задержка для следующего парсинга страниц: 2777
2025-12-05 01:02:27,862 [36] DEBUG - Задержка для следующего парсинга страниц: 3354
2025-12-05 01:02:27,873 [17] INFO  - Страница загружена: https://www.wienerborse.at/en/bonds/?c7928-page=251
2025-12-05 01:02:27,877 [17] DEBUG - Вытянута 251 страница из 757
2025-12-05 01:02:27,924 [12] DEBUG - Задержка для следующего парсинга страниц: 1029
2025-12-05 01:02:32,200 [17] DEBUG - Задержка для следующего парсинга страниц: 4306
2025-12-05 01:02:33,456 [14] INFO  - Страница загружена: https://www.wienerborse.at/en/bonds/?c7928-page=176
2025-12-05 01:02:33,460 [14] DEBUG - Вытянута 176 страница из 757
2025-12-05 01:02:35,159 [13] INFO  - Страница загружена: https://www.wienerborse.at/en/bonds/?c7928-page=151
2025-12-05 01:02:35,162 [13] DEBUG - Вытянута 151 страница из 757
2025-12-05 01:02:35,263 [7] INFO  - Страница загружена: https://www.wienerborse.at/en/bonds/?c7928-page=76
2025-12-05 01:02:35,265 [7] DEBUG - Вытянута 76 страница из 757
2025-12-05 01:02:35,444 [14] DEBUG - Задержка для следующего парсинга страниц: 1967
2025-12-05 01:02:37,114 [15] INFO  - Страница загружена: https://www.wienerborse.at/en/bonds/?c7928-page=201
2025-12-05 01:02:37,119 [15] DEBUG - Вытянута 201 страница из 757
2025-12-05 01:02:37,398 [7] DEBUG - Задержка для следующего парсинга страниц: 2121
2025-12-05 01:02:37,916 [13] DEBUG - Задержка для следующего парсинга страниц: 2746
2025-12-05 01:02:38,456 [21] INFO  - Страница загружена: https://www.wienerborse.at/en/bonds/?c7928-page=351
2025-12-05 01:02:38,458 [21] DEBUG - Вытянута 351 страница из 757
2025-12-05 01:02:39,922 [39] DEBUG - Задержка для следующего парсинга страниц: 2782
2025-12-05 01:02:40,179 [23] INFO  - Страница загружена: https://www.wienerborse.at/en/bonds/?c7928-page=401
2025-12-05 01:02:40,183 [23] DEBUG - Вытянута 401 страница из 757
2025-12-05 01:02:40,556 [28] INFO  - Страница загружена: https://www.wienerborse.at/en/bonds/?c7928-page=526
2025-12-05 01:02:40,558 [28] DEBUG - Вытянута 526 страница из 757
2025-12-05 01:02:41,148 [37] DEBUG - Задержка для следующего парсинга страниц: 2677
2025-12-05 01:02:41,734 [5] INFO  - Страница загружена: https://www.wienerborse.at/en/bonds/?c7928-page=101
2025-12-05 01:02:41,737 [5] DEBUG - Вытянута 101 страница из 757
2025-12-05 01:02:43,337 [25] INFO  - Страница загружена: https://www.wienerborse.at/en/bonds/?c7928-page=476
2025-12-05 01:02:43,341 [25] DEBUG - Вытянута 476 страница из 757
2025-12-05 01:02:43,930 [21] DEBUG - Задержка для следующего парсинга страниц: 2183
2025-12-05 01:02:44,502 [28] DEBUG - Задержка для следующего парсинга страниц: 3933
2025-12-05 01:02:44,642 [1] INFO  - Страница загружена: https://www.wienerborse.at/en/bonds/?c7928-page=51
2025-12-05 01:02:44,672 [1] DEBUG - Вытянута 51 страница из 757
2025-12-05 01:02:44,800 [15] DEBUG - Задержка для следующего парсинга страниц: 4602
2025-12-05 01:02:45,113 [25] DEBUG - Задержка для следующего парсинга страниц: 1757
2025-12-05 01:02:45,568 [9] INFO  - Страница загружена: https://www.wienerborse.at/en/bonds/?c7928-page=1
2025-12-05 01:02:45,575 [9] INFO  - Получение заголовка таблицы
2025-12-05 01:02:45,575 [9] INFO  - Сохранение заголовка
2025-12-05 01:02:45,576 [9] DEBUG - Вытянута 1 страница из 757
2025-12-05 01:02:47,060 [9] DEBUG - Задержка для следующего парсинга страниц: 1475
2025-12-05 01:02:47,263 [29] INFO  - Страница загружена: https://www.wienerborse.at/en/bonds/?c7928-page=601
2025-12-05 01:02:47,266 [29] DEBUG - Вытянута 601 страница из 757
2025-12-05 01:02:47,547 [19] INFO  - Страница загружена: https://www.wienerborse.at/en/bonds/?c7928-page=301
2025-12-05 01:02:47,550 [19] DEBUG - Вытянута 301 страница из 757
2025-12-05 01:02:48,304 [24] INFO  - Страница загружена: https://www.wienerborse.at/en/bonds/?c7928-page=426
2025-12-05 01:02:48,307 [24] DEBUG - Вытянута 426 страница из 757
2025-12-05 01:02:49,496 [1] DEBUG - Задержка для следующего парсинга страниц: 4816
2025-12-05 01:02:50,263 [10] ERROR - Проверьте подключение к интернету или правильность ссылки на сайт! Подробнее: 
System.IO.IOException: Unable to read data from the transport connection: Удаленный хост принудительно разорвал существующее подключение..
 ---> System.Net.Sockets.SocketException (10054): Удаленный хост принудительно разорвал существующее подключение.
   at System.Net.Sockets.NetworkStream.Read(Span`1 buffer)
   --- End of inner exception stack trace ---
   at System.Net.Sockets.NetworkStream.Read(Span`1 buffer)
   at System.Net.Security.SslStream.EnsureFullTlsFrameAsync[TIOAdapter](CancellationToken cancellationToken, Int32 estimatedSize)
   at System.Runtime.CompilerServices.PoolingAsyncValueTaskMethodBuilder`1.StateMachineBox`1.System.Threading.Tasks.Sources.IValueTaskSource<TResult>.GetResult(Int16 token)
   at System.Net.Security.SslStream.ReadAsyncInternal[TIOAdapter](Memory`1 buffer, CancellationToken cancellationToken)
   at System.Runtime.CompilerServices.PoolingAsyncValueTaskMethodBuilder`1.StateMachineBox`1.System.Threading.Tasks.Sources.IValueTaskSource<TResult>.GetResult(Int16 token)
   at System.IO.Stream.Read(Span`1 buffer)
   at System.Net.Http.HttpConnection.ContentLengthReadStream.Read(Span`1 buffer)
   at System.IO.StreamReader.ReadBuffer()
   at System.IO.StreamReader.ReadToEnd()
   at HtmlAgilityPack.HtmlDocument.Load(TextReader reader)
   at HtmlAgilityPack.HtmlDocument.Load(Stream stream, Encoding encoding)
   at HtmlAgilityPack.HtmlWeb.Get(Uri uri, String method, String path, HtmlDocument doc, IWebProxy proxy, ICredentials creds)
   at HtmlAgilityPack.HtmlWeb.LoadUrl(Uri uri, String method, WebProxy proxy, NetworkCredential creds)
   at HtmlAgilityPack.HtmlWeb.Load(Uri uri, String method)
   at HtmlAgilityPack.HtmlWeb.Load(String url, String method)
   at HtmlAgilityPack.HtmlWeb.Load(String url)
   at ParsingWebSite.Classes.WebsiteParsing.GetDocument(String url) in C:\Users\georg\source\repos\ParsingWebSite\ParsingWebSite\Classes\WebsiteParsing.cs:line 18
2025-12-05 01:02:50,370 [10] ERROR - Ошибка на странице 26. Подробнее: 
System.Exception: Проверьте подключение к интернету или правильность ссылки на сайт!
   at ParsingWebSite.Classes.WebsiteParsing.GetDocument(String url) in C:\Users\georg\source\repos\ParsingWebSite\ParsingWebSite\Classes\WebsiteParsing.cs:line 27
   at ParsingWebSite.Classes.WebsiteParsing.<>c__DisplayClass3_0.<GetLinks>b__0(Int32 i) in C:\Users\georg\source\repos\ParsingWebSite\ParsingWebSite\Classes\WebsiteParsing.cs:line 82
2025-12-05 01:02:50,961 [23] DEBUG - Задержка для следующего парсинга страниц: 3683
2025-12-05 01:02:51,241 [31] INFO  - Страница загружена: https://www.wienerborse.at/en/bonds/?c7928-page=576
2025-12-05 01:02:51,246 [31] DEBUG - Вытянута 576 страница из 757
2025-12-05 01:02:51,358 [20] INFO  - Страница загружена: https://www.wienerborse.at/en/bonds/?c7928-page=326
2025-12-05 01:02:51,360 [20] DEBUG - Вытянута 326 страница из 757
2025-12-05 01:02:51,504 [33] INFO  - Страница загружена: https://www.wienerborse.at/en/bonds/?c7928-page=651
2025-12-05 01:02:51,507 [33] DEBUG - Вытянута 651 страница из 757
2025-12-05 01:02:52,221 [28] ERROR - Проверьте подключение к интернету или правильность ссылки на сайт! Подробнее: 
System.Net.WebException: An error occurred while sending the request.
 ---> System.Net.Http.HttpRequestException: An error occurred while sending the request.
 ---> System.Net.Http.HttpIOException: The response ended prematurely. (ResponseEnded)
   at System.Net.Http.HttpConnection.SendAsync(HttpRequestMessage request, Boolean async, CancellationToken cancellationToken)
   --- End of inner exception stack trace ---
   at System.Net.Http.HttpConnection.SendAsync(HttpRequestMessage request, Boolean async, CancellationToken cancellationToken)
   at System.Net.Http.HttpConnectionPool.SendWithVersionDetectionAndRetryAsync(HttpRequestMessage request, Boolean async, Boolean doRequestAuth, CancellationToken cancellationToken)
   at System.Net.Http.HttpMessageHandlerStage.Send(HttpRequestMessage request, CancellationToken cancellationToken)
   at System.Net.Http.DiagnosticsHandler.SendAsync(HttpRequestMessage request, Boolean async, CancellationToken cancellationToken)
   at System.Net.Http.HttpMessageHandlerStage.Send(HttpRequestMessage request, CancellationToken cancellationToken)
   at System.Net.Http.Metrics.MetricsHandler.SendAsync(HttpRequestMessage request, Boolean async, CancellationToken cancellationToken)
   at System.Net.Http.RedirectHandler.SendAsync(HttpRequestMessage request, Boolean async, CancellationToken cancellationToken)
   at System.Net.Http.HttpMessageHandlerStage.Send(HttpRequestMessage request, CancellationToken cancellationToken)
   at System.Net.Http.SocketsHttpHandler.Send(HttpRequestMessage request, CancellationToken cancellationToken)
   at System.Net.Http.HttpClient.Send(HttpRequestMessage request, HttpCompletionOption completionOption, CancellationToken cancellationToken)
   at System.Net.HttpWebRequest.SendRequest(Boolean async)
   at System.Net.HttpWebRequest.GetResponse()
   --- End of inner exception stack trace ---
   at System.Net.HttpWebRequest.GetResponse()
   at HtmlAgilityPack.HtmlWeb.Get(Uri uri, String method, String path, HtmlDocument doc, IWebProxy proxy, ICredentials creds)
   at HtmlAgilityPack.HtmlWeb.LoadUrl(Uri uri, String method, WebProxy proxy, NetworkCredential creds)
   at HtmlAgilityPack.HtmlWeb.Load(Uri uri, String method)
   at HtmlAgilityPack.HtmlWeb.Load(String url, String method)
   at HtmlAgilityPack.HtmlWeb.Load(String url)
   at ParsingWebSite.Classes.WebsiteParsing.GetDocument(String url) in C:\Users\georg\source\repos\ParsingWebSite\ParsingWebSite\Classes\WebsiteParsing.cs:line 18
2025-12-05 01:02:52,247 [24] DEBUG - Задержка для следующего парсинга страниц: 3934
2025-12-05 01:02:52,247 [28] ERROR - Ошибка на странице 527. Подробнее: 
System.Exception: Проверьте подключение к интернету или правильность ссылки на сайт!
   at ParsingWebSite.Classes.WebsiteParsing.GetDocument(String url) in C:\Users\georg\source\repos\ParsingWebSite\ParsingWebSite\Classes\WebsiteParsing.cs:line 27
   at ParsingWebSite.Classes.WebsiteParsing.<>c__DisplayClass3_0.<GetLinks>b__0(Int32 i) in C:\Users\georg\source\repos\ParsingWebSite\ParsingWebSite\Classes\WebsiteParsing.cs:line 82
2025-12-05 01:02:52,252 [22] INFO  - Страница загружена: https://www.wienerborse.at/en/bonds/?c7928-page=376
2025-12-05 01:02:52,276 [22] DEBUG - Вытянута 376 страница из 757
2025-12-05 01:02:52,293 [19] DEBUG - Задержка для следующего парсинга страниц: 4737
2025-12-05 01:02:53,310 [28] DEBUG - Задержка для следующего парсинга страниц: 1059
2025-12-05 01:02:54,175 [10] DEBUG - Задержка для следующего парсинга страниц: 3781
2025-12-05 01:02:54,184 [18] INFO  - Страница загружена: https://www.wienerborse.at/en/bonds/?c7928-page=277
2025-12-05 01:02:54,191 [18] DEBUG - Вытянута 277 страница из 757
2025-12-05 01:02:54,530 [5] DEBUG - Задержка для следующего парсинга страниц: 2239
2025-12-05 01:02:55,239 [20] DEBUG - Задержка для следующего парсинга страниц: 3705
2025-12-05 01:02:55,452 [27] INFO  - Страница загружена: https://www.wienerborse.at/en/bonds/?c7928-page=501
2025-12-05 01:02:55,474 [27] DEBUG - Вытянута 501 страница из 757
2025-12-05 01:02:55,638 [29] DEBUG - Задержка для следующего парсинга страниц: 4255
2025-12-05 01:02:55,689 [31] DEBUG - Задержка для следующего парсинга страниц: 4430
2025-12-05 01:02:56,514 [18] DEBUG - Задержка для следующего парсинга страниц: 2312
2025-12-05 01:02:58,580 [26] INFO  - Страница загружена: https://www.wienerborse.at/en/bonds/?c7928-page=451
2025-12-05 01:02:58,583 [26] DEBUG - Вытянута 451 страница из 757
2025-12-05 01:02:59,948 [36] INFO  - Страница загружена: https://www.wienerborse.at/en/bonds/?c7928-page=701
2025-12-05 01:02:59,951 [36] DEBUG - Вытянута 701 страница из 757
2025-12-05 01:03:00,141 [33] DEBUG - Задержка для следующего парсинга страниц: 4659
2025-12-05 01:03:00,531 [26] DEBUG - Задержка для следующего парсинга страниц: 1945
2025-12-05 01:03:01,254 [34] INFO  - Страница загружена: https://www.wienerborse.at/en/bonds/?c7928-page=726
2025-12-05 01:03:01,257 [34] DEBUG - Вытянута 726 страница из 757
2025-12-05 01:03:02,291 [27] DEBUG - Задержка для следующего парсинга страниц: 2323
2025-12-05 01:03:03,120 [35] INFO  - Страница загружена: https://www.wienerborse.at/en/bonds/?c7928-page=676
2025-12-05 01:03:03,141 [35] DEBUG - Вытянута 676 страница из 757
2025-12-05 01:03:04,151 [12] INFO  - Страница загружена: https://www.wienerborse.at/en/bonds/?c7928-page=127
2025-12-05 01:03:04,153 [12] DEBUG - Вытянута 127 страница из 757
2025-12-05 01:03:05,771 [40] DEBUG - Задержка для следующего парсинга страниц: 4509
2025-12-05 01:03:06,199 [12] DEBUG - Задержка для следующего парсинга страниц: 2039
2025-12-05 01:03:07,330 [22] DEBUG - Задержка для следующего парсинга страниц: 4182
2025-12-05 01:03:08,388 [30] INFO  - Страница загружена: https://www.wienerborse.at/en/bonds/?c7928-page=551
2025-12-05 01:03:08,392 [30] DEBUG - Вытянута 551 страница из 757
2025-12-05 01:03:10,129 [16] INFO  - Страница загружена: https://www.wienerborse.at/en/bonds/?c7928-page=227
2025-12-05 01:03:10,132 [16] DEBUG - Вытянута 227 страница из 757
2025-12-05 01:03:10,535 [36] DEBUG - Задержка для следующего парсинга страниц: 2138
2025-12-05 01:03:11,117 [32] INFO  - Страница загружена: https://www.wienerborse.at/en/bonds/?c7928-page=626
2025-12-05 01:03:11,120 [32] DEBUG - Вытянута 626 страница из 757
2025-12-05 01:03:11,500 [9] INFO  - Страница загружена: https://www.wienerborse.at/en/bonds/?c7928-page=2
2025-12-05 01:03:11,504 [9] DEBUG - Вытянута 2 страница из 757
2025-12-05 01:03:11,703 [17] INFO  - Страница загружена: https://www.wienerborse.at/en/bonds/?c7928-page=252
2025-12-05 01:03:11,707 [17] DEBUG - Вытянута 252 страница из 757
2025-12-05 01:03:11,858 [25] INFO  - Страница загружена: https://www.wienerborse.at/en/bonds/?c7928-page=477
2025-12-05 01:03:11,861 [25] DEBUG - Вытянута 477 страница из 757
2025-12-05 01:03:12,628 [21] INFO  - Страница загружена: https://www.wienerborse.at/en/bonds/?c7928-page=102
2025-12-05 01:03:12,631 [21] DEBUG - Вытянута 102 страница из 757
2025-12-05 01:03:12,906 [17] DEBUG - Задержка для следующего парсинга страниц: 1188
2025-12-05 01:03:13,191 [29] INFO  - Страница загружена: https://www.wienerborse.at/en/bonds/?c7928-page=327
2025-12-05 01:03:13,195 [29] DEBUG - Вытянута 327 страница из 757
2025-12-05 01:03:14,686 [16] DEBUG - Задержка для следующего парсинга страниц: 4546
2025-12-05 01:03:14,998 [25] DEBUG - Задержка для следующего парсинга страниц: 3130
2025-12-05 01:03:15,231 [29] DEBUG - Задержка для следующего парсинга страниц: 2033
2025-12-05 01:03:15,851 [32] DEBUG - Задержка для следующего парсинга страниц: 4724
2025-12-05 01:03:16,128 [9] DEBUG - Задержка для следующего парсинга страниц: 4607
2025-12-05 01:03:16,182 [15] INFO  - Страница загружена: https://www.wienerborse.at/en/bonds/?c7928-page=402
2025-12-05 01:03:16,184 [15] DEBUG - Вытянута 402 страница из 757
2025-12-05 01:03:17,207 [14] INFO  - Страница загружена: https://www.wienerborse.at/en/bonds/?c7928-page=177
2025-12-05 01:03:17,211 [14] DEBUG - Вытянута 177 страница из 757
2025-12-05 01:03:17,552 [21] DEBUG - Задержка для следующего парсинга страниц: 4899
2025-12-05 01:03:18,158 [13] INFO  - Страница загружена: https://www.wienerborse.at/en/bonds/?c7928-page=152
2025-12-05 01:03:18,160 [13] DEBUG - Вытянута 152 страница из 757
2025-12-05 01:03:18,542 [14] DEBUG - Задержка для следующего парсинга страниц: 1323
2025-12-05 01:03:20,038 [15] DEBUG - Задержка для следующего парсинга страниц: 3829
2025-12-05 01:03:20,591 [5] INFO  - Страница загружена: https://www.wienerborse.at/en/bonds/?c7928-page=377
2025-12-05 01:03:20,593 [5] DEBUG - Вытянута 377 страница из 757
2025-12-05 01:03:21,104 [24] INFO  - Страница загружена: https://www.wienerborse.at/en/bonds/?c7928-page=427
2025-12-05 01:03:21,107 [24] DEBUG - Вытянута 427 страница из 757
2025-12-05 01:03:21,448 [37] INFO  - Страница загружена: https://www.wienerborse.at/en/bonds/?c7928-page=352
2025-12-05 01:03:21,450 [37] DEBUG - Вытянута 352 страница из 757
2025-12-05 01:03:21,493 [28] INFO  - Страница загружена: https://www.wienerborse.at/en/bonds/?c7928-page=528
2025-12-05 01:03:21,496 [28] DEBUG - Вытянута 528 страница из 757
2025-12-05 01:03:21,738 [5] DEBUG - Задержка для следующего парсинга страниц: 1133
2025-12-05 01:03:22,406 [7] INFO  - Страница загружена: https://www.wienerborse.at/en/bonds/?c7928-page=77
2025-12-05 01:03:22,416 [7] DEBUG - Вытянута 77 страница из 757
2025-12-05 01:03:23,025 [39] INFO  - Страница загружена: https://www.wienerborse.at/en/bonds/?c7928-page=202
2025-12-05 01:03:23,028 [39] DEBUG - Вытянута 202 страница из 757
2025-12-05 01:03:23,050 [13] DEBUG - Задержка для следующего парсинга страниц: 4879
2025-12-05 01:03:23,689 [7] DEBUG - Задержка для следующего парсинга страниц: 1263
2025-12-05 01:03:23,828 [1] INFO  - Страница загружена: https://www.wienerborse.at/en/bonds/?c7928-page=52
2025-12-05 01:03:23,834 [1] DEBUG - Вытянута 52 страница из 757
2025-12-05 01:03:24,252 [37] DEBUG - Задержка для следующего парсинга страниц: 2797
2025-12-05 01:03:24,580 [28] DEBUG - Задержка для следующего парсинга страниц: 3067
2025-12-05 01:03:24,659 [24] DEBUG - Задержка для следующего парсинга страниц: 3540
2025-12-05 01:03:26,428 [31] INFO  - Страница загружена: https://www.wienerborse.at/en/bonds/?c7928-page=577
2025-12-05 01:03:26,430 [31] DEBUG - Вытянута 577 страница из 757
2025-12-05 01:03:27,070 [19] INFO  - Страница загружена: https://www.wienerborse.at/en/bonds/?c7928-page=302
2025-12-05 01:03:27,072 [19] DEBUG - Вытянута 302 страница из 757
2025-12-05 01:03:27,442 [27] INFO  - Страница загружена: https://www.wienerborse.at/en/bonds/?c7928-page=702
2025-12-05 01:03:27,445 [27] DEBUG - Вытянута 702 страница из 757
2025-12-05 01:03:27,624 [39] DEBUG - Задержка для следующего парсинга страниц: 4577
2025-12-05 01:03:28,050 [1] DEBUG - Задержка для следующего парсинга страниц: 4203
2025-12-05 01:03:28,986 [33] INFO  - Страница загружена: https://www.wienerborse.at/en/bonds/?c7928-page=502
2025-12-05 01:03:28,990 [33] DEBUG - Вытянута 502 страница из 757
2025-12-05 01:03:29,125 [19] DEBUG - Задержка для следующего парсинга страниц: 2036
2025-12-05 01:03:29,878 [22] INFO  - Страница загружена: https://www.wienerborse.at/en/bonds/?c7928-page=677
2025-12-05 01:03:29,880 [22] DEBUG - Вытянута 677 страница из 757
2025-12-05 01:03:29,910 [18] INFO  - Страница загружена: https://www.wienerborse.at/en/bonds/?c7928-page=278
2025-12-05 01:03:29,912 [18] DEBUG - Вытянута 278 страница из 757
2025-12-05 01:03:30,867 [31] DEBUG - Задержка для следующего парсинга страниц: 4427
2025-12-05 01:03:31,467 [27] DEBUG - Задержка для следующего парсинга страниц: 4000
2025-12-05 01:03:31,768 [33] DEBUG - Задержка для следующего парсинга страниц: 2758
2025-12-05 01:03:31,913 [20] INFO  - Страница загружена: https://www.wienerborse.at/en/bonds/?c7928-page=652
2025-12-05 01:03:31,916 [20] DEBUG - Вытянута 652 страница из 757
2025-12-05 01:03:32,094 [23] INFO  - Страница загружена: https://www.wienerborse.at/en/bonds/?c7928-page=602
2025-12-05 01:03:32,096 [23] DEBUG - Вытянута 602 страница из 757
2025-12-05 01:03:32,246 [18] DEBUG - Задержка для следующего парсинга страниц: 2324
2025-12-05 01:03:33,656 [22] DEBUG - Задержка для следующего парсинга страниц: 3760
2025-12-05 01:03:35,915 [16] INFO  - Страница загружена: https://www.wienerborse.at/en/bonds/?c7928-page=228
2025-12-05 01:03:35,917 [16] DEBUG - Вытянута 228 страница из 757
2025-12-05 01:03:36,609 [26] INFO  - Страница загружена: https://www.wienerborse.at/en/bonds/?c7928-page=452
2025-12-05 01:03:36,615 [26] DEBUG - Вытянута 452 страница из 757
2025-12-05 01:03:36,645 [20] DEBUG - Задержка для следующего парсинга страниц: 4719
2025-12-05 01:03:36,676 [23] DEBUG - Задержка для следующего парсинга страниц: 4575
2025-12-05 01:03:37,488 [35] DEBUG - Задержка для следующего парсинга страниц: 1566
2025-12-05 01:03:39,533 [40] INFO  - Страница загружена: https://www.wienerborse.at/en/bonds/?c7928-page=727
2025-12-05 01:03:39,537 [40] DEBUG - Вытянута 727 страница из 757
2025-12-05 01:03:39,695 [26] DEBUG - Задержка для следующего парсинга страниц: 3072
2025-12-05 01:03:39,797 [10] INFO  - Страница загружена: https://www.wienerborse.at/en/bonds/?c7928-page=27
2025-12-05 01:03:39,799 [10] DEBUG - Вытянута 27 страница из 757
2025-12-05 01:03:43,537 [40] DEBUG - Задержка для следующего парсинга страниц: 3991
2025-12-05 01:03:44,319 [10] DEBUG - Задержка для следующего парсинга страниц: 4515
2025-12-05 01:03:45,184 [12] INFO  - Страница загружена: https://www.wienerborse.at/en/bonds/?c7928-page=128
2025-12-05 01:03:45,186 [12] DEBUG - Вытянута 128 страница из 757
2025-12-05 01:03:45,776 [5] INFO  - Страница загружена: https://www.wienerborse.at/en/bonds/?c7928-page=378
2025-12-05 01:03:45,778 [5] DEBUG - Вытянута 378 страница из 757
2025-12-05 01:03:47,471 [17] INFO  - Страница загружена: https://www.wienerborse.at/en/bonds/?c7928-page=253
2025-12-05 01:03:47,474 [17] DEBUG - Вытянута 253 страница из 757
2025-12-05 01:03:48,169 [14] INFO  - Страница загружена: https://www.wienerborse.at/en/bonds/?c7928-page=178
2025-12-05 01:03:48,171 [14] DEBUG - Вытянута 178 страница из 757
2025-12-05 01:03:48,963 [30] DEBUG - Задержка для следующего парсинга страниц: 3762
2025-12-05 01:03:49,354 [34] DEBUG - Задержка для следующего парсинга страниц: 3561
2025-12-05 01:03:49,419 [14] DEBUG - Задержка для следующего парсинга страниц: 1246
2025-12-05 01:03:49,871 [36] INFO  - Страница загружена: https://www.wienerborse.at/en/bonds/?c7928-page=552
2025-12-05 01:03:49,874 [36] DEBUG - Вытянута 552 страница из 757
2025-12-05 01:03:49,906 [39] INFO  - Страница загружена: https://www.wienerborse.at/en/bonds/?c7928-page=203
2025-12-05 01:03:49,911 [39] DEBUG - Вытянута 203 страница из 757
2025-12-05 01:03:50,336 [21] INFO  - Страница загружена: https://www.wienerborse.at/en/bonds/?c7928-page=103
2025-12-05 01:03:50,340 [21] DEBUG - Вытянута 103 страница из 757
2025-12-05 01:03:50,444 [9] INFO  - Страница загружена: https://www.wienerborse.at/en/bonds/?c7928-page=3
2025-12-05 01:03:50,448 [9] DEBUG - Вытянута 3 страница из 757
2025-12-05 01:03:51,183 [17] DEBUG - Задержка для следующего парсинга страниц: 3706
2025-12-05 01:03:51,335 [25] INFO  - Страница загружена: https://www.wienerborse.at/en/bonds/?c7928-page=478
2025-12-05 01:03:51,337 [25] DEBUG - Вытянута 478 страница из 757
2025-12-05 01:03:51,463 [21] DEBUG - Задержка для следующего парсинга страниц: 1116
2025-12-05 01:03:51,920 [9] DEBUG - Задержка для следующего парсинга страниц: 1458
2025-12-05 01:03:51,974 [33] INFO  - Страница загружена: https://www.wienerborse.at/en/bonds/?c7928-page=503
2025-12-05 01:03:51,977 [33] DEBUG - Вытянута 503 страница из 757
2025-12-05 01:03:53,577 [39] DEBUG - Задержка для следующего парсинга страниц: 3644
2025-12-05 01:03:53,719 [37] INFO  - Страница загружена: https://www.wienerborse.at/en/bonds/?c7928-page=353
2025-12-05 01:03:53,721 [37] DEBUG - Вытянута 353 страница из 757
2025-12-05 01:03:53,872 [33] DEBUG - Задержка для следующего парсинга страниц: 1877
2025-12-05 01:03:54,030 [25] DEBUG - Задержка для следующего парсинга страниц: 2682
2025-12-05 01:03:54,083 [13] INFO  - Страница загружена: https://www.wienerborse.at/en/bonds/?c7928-page=153
2025-12-05 01:03:54,086 [13] DEBUG - Вытянута 153 страница из 757
2025-12-05 01:03:54,305 [36] DEBUG - Задержка для следующего парсинга страниц: 4411
2025-12-05 01:03:55,180 [32] INFO  - Страница загружена: https://www.wienerborse.at/en/bonds/?c7928-page=627
2025-12-05 01:03:55,192 [32] DEBUG - Вытянута 627 страница из 757
2025-12-05 01:03:55,730 [15] INFO  - Страница загружена: https://www.wienerborse.at/en/bonds/?c7928-page=403
2025-12-05 01:03:55,733 [15] DEBUG - Вытянута 403 страница из 757
2025-12-05 01:03:56,254 [13] DEBUG - Задержка для следующего парсинга страниц: 2154
2025-12-05 01:03:56,899 [12] DEBUG - Задержка для следующего парсинга страниц: 3169
2025-12-05 01:03:57,676 [15] DEBUG - Задержка для следующего парсинга страниц: 1926
2025-12-05 01:03:59,658 [32] DEBUG - Задержка для следующего парсинга страниц: 4448
2025-12-05 01:04:00,167 [22] INFO  - Страница загружена: https://www.wienerborse.at/en/bonds/?c7928-page=678
2025-12-05 01:04:00,171 [22] DEBUG - Вытянута 678 страница из 757
2025-12-05 01:04:00,410 [19] INFO  - Страница загружена: https://www.wienerborse.at/en/bonds/?c7928-page=303
2025-12-05 01:04:00,412 [19] DEBUG - Вытянута 303 страница из 757
2025-12-05 01:04:02,174 [22] DEBUG - Задержка для следующего парсинга страниц: 1986
2025-12-05 01:04:02,559 [27] INFO  - Страница загружена: https://www.wienerborse.at/en/bonds/?c7928-page=703
2025-12-05 01:04:02,562 [27] DEBUG - Вытянута 703 страница из 757
2025-12-05 01:04:03,332 [1] INFO  - Страница загружена: https://www.wienerborse.at/en/bonds/?c7928-page=53
2025-12-05 01:04:03,335 [1] DEBUG - Вытянута 53 страница из 757
2025-12-05 01:04:03,693 [29] ERROR - Проверьте подключение к интернету или правильность ссылки на сайт! Подробнее: 
System.IO.IOException: Unable to read data from the transport connection: Удаленный хост принудительно разорвал существующее подключение..
 ---> System.Net.Sockets.SocketException (10054): Удаленный хост принудительно разорвал существующее подключение.
   at System.Net.Sockets.NetworkStream.Read(Span`1 buffer)
   --- End of inner exception stack trace ---
   at System.Net.Sockets.NetworkStream.Read(Span`1 buffer)
   at System.Net.Security.SslStream.EnsureFullTlsFrameAsync[TIOAdapter](CancellationToken cancellationToken, Int32 estimatedSize)
   at System.Runtime.CompilerServices.PoolingAsyncValueTaskMethodBuilder`1.StateMachineBox`1.System.Threading.Tasks.Sources.IValueTaskSource<TResult>.GetResult(Int16 token)
   at System.Net.Security.SslStream.ReadAsyncInternal[TIOAdapter](Memory`1 buffer, CancellationToken cancellationToken)
   at System.Runtime.CompilerServices.PoolingAsyncValueTaskMethodBuilder`1.StateMachineBox`1.System.Threading.Tasks.Sources.IValueTaskSource<TResult>.GetResult(Int16 token)
   at System.IO.Stream.Read(Span`1 buffer)
   at System.Net.Http.HttpConnection.ContentLengthReadStream.Read(Span`1 buffer)
   at System.IO.StreamReader.ReadBuffer()
   at HtmlAgilityPack.HtmlDocument.Load(TextReader reader)
   at HtmlAgilityPack.HtmlWeb.Get(Uri uri, String method, String path, HtmlDocument doc, IWebProxy proxy, ICredentials creds)
   at HtmlAgilityPack.HtmlWeb.Load(Uri uri, String method)
   at ParsingWebSite.Classes.WebsiteParsing.GetDocument(String url) in C:\Users\georg\source\repos\ParsingWebSite\ParsingWebSite\Classes\WebsiteParsing.cs:line 18
2025-12-05 01:04:03,711 [29] ERROR - Ошибка на странице 328. Подробнее: 
System.Exception: Проверьте подключение к интернету или правильность ссылки на сайт!
   at ParsingWebSite.Classes.WebsiteParsing.GetDocument(String url) in C:\Users\georg\source\repos\ParsingWebSite\ParsingWebSite\Classes\WebsiteParsing.cs:line 27
   at ParsingWebSite.Classes.WebsiteParsing.<>c__DisplayClass3_0.<GetLinks>b__0(Int32 i) in C:\Users\georg\source\repos\ParsingWebSite\ParsingWebSite\Classes\WebsiteParsing.cs:line 82
2025-12-05 01:04:03,795 [24] INFO  - Страница загружена: https://www.wienerborse.at/en/bonds/?c7928-page=428
2025-12-05 01:04:03,799 [24] DEBUG - Вытянута 428 страница из 757
2025-12-05 01:04:04,779 [1] DEBUG - Задержка для следующего парсинга страниц: 1431
2025-12-05 01:04:05,323 [19] DEBUG - Задержка для следующего парсинга страниц: 4900
2025-12-05 01:04:05,398 [7] INFO  - Страница загружена: https://www.wienerborse.at/en/bonds/?c7928-page=78
2025-12-05 01:04:05,401 [7] DEBUG - Вытянута 78 страница из 757
2025-12-05 01:04:06,469 [35] INFO  - Страница загружена: https://www.wienerborse.at/en/bonds/?c7928-page=229
2025-12-05 01:04:06,471 [35] DEBUG - Вытянута 229 страница из 757
2025-12-05 01:04:06,481 [27] DEBUG - Задержка для следующего парсинга страниц: 3903
2025-12-05 01:04:07,153 [31] INFO  - Страница загружена: https://www.wienerborse.at/en/bonds/?c7928-page=578
2025-12-05 01:04:07,156 [31] DEBUG - Вытянута 578 страница из 757
2025-12-05 01:04:07,337 [20] INFO  - Страница загружена: https://www.wienerborse.at/en/bonds/?c7928-page=653
2025-12-05 01:04:07,340 [20] DEBUG - Вытянута 653 страница из 757
2025-12-05 01:04:07,777 [24] DEBUG - Задержка для следующего парсинга страниц: 3964
2025-12-05 01:04:08,027 [29] DEBUG - Задержка для следующего парсинга страниц: 4293
2025-12-05 01:04:08,949 [7] DEBUG - Задержка для следующего парсинга страниц: 3545
2025-12-05 01:04:09,608 [31] DEBUG - Задержка для следующего парсинга страниц: 2446
2025-12-05 01:04:09,771 [26] INFO  - Страница загружена: https://www.wienerborse.at/en/bonds/?c7928-page=453
2025-12-05 01:04:09,773 [26] DEBUG - Вытянута 453 страница из 757
2025-12-05 01:04:10,237 [40] INFO  - Страница загружена: https://www.wienerborse.at/en/bonds/?c7928-page=728
2025-12-05 01:04:10,239 [40] DEBUG - Вытянута 728 страница из 757
2025-12-05 01:04:10,321 [34] INFO  - Страница загружена: https://www.wienerborse.at/en/bonds/?c7928-page=379
2025-12-05 01:04:10,324 [34] DEBUG - Вытянута 379 страница из 757
2025-12-05 01:04:10,594 [35] DEBUG - Задержка для следующего парсинга страниц: 4113
2025-12-05 01:04:10,862 [20] DEBUG - Задержка для следующего парсинга страниц: 3503
2025-12-05 01:04:11,258 [18] INFO  - Страница загружена: https://www.wienerborse.at/en/bonds/?c7928-page=279
2025-12-05 01:04:11,261 [18] DEBUG - Вытянута 279 страница из 757
2025-12-05 01:04:12,385 [17] INFO  - Страница загружена: https://www.wienerborse.at/en/bonds/?c7928-page=254
2025-12-05 01:04:12,387 [10] INFO  - Страница загружена: https://www.wienerborse.at/en/bonds/?c7928-page=28
2025-12-05 01:04:12,388 [12] INFO  - Страница загружена: https://www.wienerborse.at/en/bonds/?c7928-page=354
2025-12-05 01:04:12,389 [17] DEBUG - Вытянута 254 страница из 757
2025-12-05 01:04:12,391 [10] DEBUG - Вытянута 28 страница из 757
2025-12-05 01:04:12,393 [12] DEBUG - Вытянута 354 страница из 757
2025-12-05 01:04:12,675 [34] DEBUG - Задержка для следующего парсинга страниц: 2335
2025-12-05 01:04:12,778 [23] INFO  - Страница загружена: https://www.wienerborse.at/en/bonds/?c7928-page=603
2025-12-05 01:04:12,782 [23] DEBUG - Вытянута 603 страница из 757
2025-12-05 01:04:13,227 [28] ERROR - Проверьте подключение к интернету или правильность ссылки на сайт! Подробнее: 
System.IO.IOException: Unable to read data from the transport connection: Удаленный хост принудительно разорвал существующее подключение..
 ---> System.Net.Sockets.SocketException (10054): Удаленный хост принудительно разорвал существующее подключение.
   at System.Net.Sockets.NetworkStream.Read(Span`1 buffer)
   --- End of inner exception stack trace ---
   at System.Net.Sockets.NetworkStream.Read(Span`1 buffer)
   at System.Net.Security.SslStream.EnsureFullTlsFrameAsync[TIOAdapter](CancellationToken cancellationToken, Int32 estimatedSize)
   at System.Runtime.CompilerServices.PoolingAsyncValueTaskMethodBuilder`1.StateMachineBox`1.System.Threading.Tasks.Sources.IValueTaskSource<TResult>.GetResult(Int16 token)
   at System.Net.Security.SslStream.ReadAsyncInternal[TIOAdapter](Memory`1 buffer, CancellationToken cancellationToken)
   at System.Runtime.CompilerServices.PoolingAsyncValueTaskMethodBuilder`1.StateMachineBox`1.System.Threading.Tasks.Sources.IValueTaskSource<TResult>.GetResult(Int16 token)
   at System.IO.Stream.Read(Span`1 buffer)
   at System.Net.Http.HttpConnection.ContentLengthReadStream.Read(Span`1 buffer)
   at System.IO.StreamReader.ReadBuffer()
   at HtmlAgilityPack.HtmlDocument.Load(TextReader reader)
   at HtmlAgilityPack.HtmlWeb.Get(Uri uri, String method, String path, HtmlDocument doc, IWebProxy proxy, ICredentials creds)
   at HtmlAgilityPack.HtmlWeb.Load(Uri uri, String method)
   at ParsingWebSite.Classes.WebsiteParsing.GetDocument(String url) in C:\Users\georg\source\repos\ParsingWebSite\ParsingWebSite\Classes\WebsiteParsing.cs:line 18
2025-12-05 01:04:13,267 [28] ERROR - Ошибка на странице 529. Подробнее: 
System.Exception: Проверьте подключение к интернету или правильность ссылки на сайт!
   at ParsingWebSite.Classes.WebsiteParsing.GetDocument(String url) in C:\Users\georg\source\repos\ParsingWebSite\ParsingWebSite\Classes\WebsiteParsing.cs:line 27
   at ParsingWebSite.Classes.WebsiteParsing.<>c__DisplayClass3_0.<GetLinks>b__0(Int32 i) in C:\Users\georg\source\repos\ParsingWebSite\ParsingWebSite\Classes\WebsiteParsing.cs:line 82
2025-12-05 01:04:13,438 [33] INFO  - Страница загружена: https://www.wienerborse.at/en/bonds/?c7928-page=504
2025-12-05 01:04:13,442 [33] DEBUG - Вытянута 504 страница из 757
2025-12-05 01:04:13,706 [21] INFO  - Страница загружена: https://www.wienerborse.at/en/bonds/?c7928-page=104
2025-12-05 01:04:13,709 [21] DEBUG - Вытянута 104 страница из 757
2025-12-05 01:04:13,756 [37] DEBUG - Задержка для следующего парсинга страниц: 3978
2025-12-05 01:04:14,350 [40] DEBUG - Задержка для следующего парсинга страниц: 4109
2025-12-05 01:04:14,383 [9] INFO  - Страница загружена: https://www.wienerborse.at/en/bonds/?c7928-page=4
2025-12-05 01:04:14,386 [9] DEBUG - Вытянута 4 страница из 757
2025-12-05 01:04:14,521 [18] DEBUG - Задержка для следующего парсинга страниц: 3255
2025-12-05 01:04:14,707 [26] DEBUG - Задержка для следующего парсинга страниц: 2307
2025-12-05 01:04:15,633 [17] DEBUG - Задержка для следующего парсинга страниц: 3231
2025-12-05 01:04:16,576 [12] DEBUG - Задержка для следующего парсинга страниц: 4165
2025-12-05 01:04:16,623 [21] DEBUG - Задержка для следующего парсинга страниц: 2896
2025-12-05 01:04:16,670 [28] DEBUG - Задержка для следующего парсинга страниц: 3386
2025-12-05 01:04:16,924 [9] DEBUG - Задержка для следующего парсинга страниц: 2518
2025-12-05 01:04:16,928 [30] INFO  - Страница загружена: https://www.wienerborse.at/en/bonds/?c7928-page=129
2025-12-05 01:04:16,934 [30] DEBUG - Вытянута 129 страница из 757
2025-12-05 01:04:17,357 [23] DEBUG - Задержка для следующего парсинга страниц: 4566
2025-12-05 01:04:17,964 [33] DEBUG - Задержка для следующего парсинга страниц: 4508
2025-12-05 01:04:18,577 [30] DEBUG - Задержка для следующего парсинга страниц: 1635
2025-12-05 01:04:19,517 [13] INFO  - Страница загружена: https://www.wienerborse.at/en/bonds/?c7928-page=154
2025-12-05 01:04:19,519 [13] DEBUG - Вытянута 154 страница из 757
2025-12-05 01:04:20,193 [36] INFO  - Страница загружена: https://www.wienerborse.at/en/bonds/?c7928-page=553
2025-12-05 01:04:20,201 [36] DEBUG - Вытянута 553 страница из 757
2025-12-05 01:04:20,285 [39] INFO  - Страница загружена: https://www.wienerborse.at/en/bonds/?c7928-page=204
2025-12-05 01:04:20,288 [39] DEBUG - Вытянута 204 страница из 757
2025-12-05 01:04:22,448 [22] INFO  - Страница загружена: https://www.wienerborse.at/en/bonds/?c7928-page=679
2025-12-05 01:04:22,451 [22] DEBUG - Вытянута 679 страница из 757
2025-12-05 01:04:22,593 [29] INFO  - Страница загружена: https://www.wienerborse.at/en/bonds/?c7928-page=329
2025-12-05 01:04:22,598 [29] DEBUG - Вытянута 329 страница из 757
2025-12-05 01:04:22,822 [13] DEBUG - Задержка для следующего парсинга страниц: 3290
2025-12-05 01:04:22,953 [25] INFO  - Страница загружена: https://www.wienerborse.at/en/bonds/?c7928-page=479
2025-12-05 01:04:22,955 [25] DEBUG - Вытянута 479 страница из 757
2025-12-05 01:04:23,212 [36] DEBUG - Задержка для следующего парсинга страниц: 2998
2025-12-05 01:04:23,318 [24] INFO  - Страница загружена: https://www.wienerborse.at/en/bonds/?c7928-page=429
2025-12-05 01:04:23,321 [24] DEBUG - Вытянута 429 страница из 757
2025-12-05 01:04:24,726 [39] DEBUG - Задержка для следующего парсинга страниц: 4428
2025-12-05 01:04:26,288 [22] DEBUG - Задержка для следующего парсинга страниц: 3821
2025-12-05 01:04:26,745 [24] DEBUG - Задержка для следующего парсинга страниц: 3407
2025-12-05 01:04:27,132 [29] DEBUG - Задержка для следующего парсинга страниц: 4522
2025-12-05 01:04:27,409 [32] INFO  - Страница загружена: https://www.wienerborse.at/en/bonds/?c7928-page=628
2025-12-05 01:04:27,412 [32] DEBUG - Вытянута 628 страница из 757
2025-12-05 01:04:27,663 [25] DEBUG - Задержка для следующего парсинга страниц: 4706
2025-12-05 01:04:29,337 [19] INFO  - Страница загружена: https://www.wienerborse.at/en/bonds/?c7928-page=304
2025-12-05 01:04:29,339 [19] DEBUG - Вытянута 304 страница из 757
2025-12-05 01:04:29,614 [7] INFO  - Страница загружена: https://www.wienerborse.at/en/bonds/?c7928-page=79
2025-12-05 01:04:29,624 [7] DEBUG - Вытянута 79 страница из 757
2025-12-05 01:04:30,927 [14] INFO  - Страница загружена: https://www.wienerborse.at/en/bonds/?c7928-page=179
2025-12-05 01:04:30,931 [14] DEBUG - Вытянута 179 страница из 757
2025-12-05 01:04:31,541 [20] INFO  - Страница загружена: https://www.wienerborse.at/en/bonds/?c7928-page=654
2025-12-05 01:04:31,544 [20] DEBUG - Вытянута 654 страница из 757
2025-12-05 01:04:31,567 [7] DEBUG - Задержка для следующего парсинга страниц: 1939
2025-12-05 01:04:31,631 [32] DEBUG - Задержка для следующего парсинга страниц: 4205
2025-12-05 01:04:31,944 [14] DEBUG - Задержка для следующего парсинга страниц: 1008
2025-12-05 01:04:32,645 [19] DEBUG - Задержка для следующего парсинга страниц: 3293
2025-12-05 01:04:32,957 [20] DEBUG - Задержка для следующего парсинга страниц: 1410
2025-12-05 01:04:36,257 [18] INFO  - Страница загружена: https://www.wienerborse.at/en/bonds/?c7928-page=280
2025-12-05 01:04:36,260 [18] DEBUG - Вытянута 280 страница из 757
2025-12-05 01:04:38,227 [31] INFO  - Страница загружена: https://www.wienerborse.at/en/bonds/?c7928-page=579
2025-12-05 01:04:38,229 [31] DEBUG - Вытянута 579 страница из 757
2025-12-05 01:04:38,748 [35] INFO  - Страница загружена: https://www.wienerborse.at/en/bonds/?c7928-page=230
2025-12-05 01:04:38,750 [35] DEBUG - Вытянута 230 страница из 757
2025-12-05 01:04:39,574 [27] INFO  - Страница загружена: https://www.wienerborse.at/en/bonds/?c7928-page=704
2025-12-05 01:04:39,577 [27] DEBUG - Вытянута 704 страница из 757
2025-12-05 01:04:39,577 [1] INFO  - Страница загружена: https://www.wienerborse.at/en/bonds/?c7928-page=54
2025-12-05 01:04:39,579 [1] DEBUG - Вытянута 54 страница из 757
2025-12-05 01:04:40,239 [31] DEBUG - Задержка для следующего парсинга страниц: 2005
2025-12-05 01:04:41,139 [28] INFO  - Страница загружена: https://www.wienerborse.at/en/bonds/?c7928-page=530
2025-12-05 01:04:41,142 [28] DEBUG - Вытянута 530 страница из 757
2025-12-05 01:04:41,195 [18] DEBUG - Задержка для следующего парсинга страниц: 4930
2025-12-05 01:04:42,118 [15] INFO  - Страница загружена: https://www.wienerborse.at/en/bonds/?c7928-page=404
2025-12-05 01:04:42,121 [15] DEBUG - Вытянута 404 страница из 757
2025-12-05 01:04:42,289 [1] DEBUG - Задержка для следующего парсинга страниц: 2706
2025-12-05 01:04:42,462 [30] INFO  - Страница загружена: https://www.wienerborse.at/en/bonds/?c7928-page=130
2025-12-05 01:04:42,465 [30] DEBUG - Вытянута 130 страница из 757
2025-12-05 01:04:42,981 [35] DEBUG - Задержка для следующего парсинга страниц: 4217
2025-12-05 01:04:44,044 [15] DEBUG - Задержка для следующего парсинга страниц: 1911
2025-12-05 01:04:44,513 [27] DEBUG - Задержка для следующего парсинга страниц: 4920
2025-12-05 01:04:44,643 [9] INFO  - Страница загружена: https://www.wienerborse.at/en/bonds/?c7928-page=5
2025-12-05 01:04:44,647 [9] DEBUG - Вытянута 5 страница из 757
2025-12-05 01:04:45,238 [30] DEBUG - Задержка для следующего парсинга страниц: 2762
2025-12-05 01:04:45,361 [24] INFO  - Страница загружена: https://www.wienerborse.at/en/bonds/?c7928-page=430
2025-12-05 01:04:45,366 [24] DEBUG - Вытянута 430 страница из 757
2025-12-05 01:04:45,506 [34] INFO  - Страница загружена: https://www.wienerborse.at/en/bonds/?c7928-page=380
2025-12-05 01:04:45,510 [34] DEBUG - Вытянута 380 страница из 757
2025-12-05 01:04:45,614 [21] INFO  - Страница загружена: https://www.wienerborse.at/en/bonds/?c7928-page=105
2025-12-05 01:04:45,616 [21] DEBUG - Вытянута 105 страница из 757
2025-12-05 01:04:45,675 [28] DEBUG - Задержка для следующего парсинга страниц: 4520
2025-12-05 01:04:46,484 [33] INFO  - Страница загружена: https://www.wienerborse.at/en/bonds/?c7928-page=505
2025-12-05 01:04:46,487 [33] DEBUG - Вытянута 505 страница из 757
2025-12-05 01:04:46,566 [36] INFO  - Страница загружена: https://www.wienerborse.at/en/bonds/?c7928-page=554
2025-12-05 01:04:46,568 [36] DEBUG - Вытянута 554 страница из 757
2025-12-05 01:04:47,852 [9] DEBUG - Задержка для следующего парсинга страниц: 3194
2025-12-05 01:04:47,937 [27] ERROR - Проверьте подключение к интернету или правильность ссылки на сайт! Подробнее: 
System.Net.WebException: An error occurred while sending the request.
 ---> System.Net.Http.HttpRequestException: An error occurred while sending the request.
 ---> System.Net.Http.HttpIOException: The response ended prematurely. (ResponseEnded)
   at System.Net.Http.HttpConnection.SendAsync(HttpRequestMessage request, Boolean async, CancellationToken cancellationToken)
   --- End of inner exception stack trace ---
   at System.Net.Http.HttpConnection.SendAsync(HttpRequestMessage request, Boolean async, CancellationToken cancellationToken)
   at System.Net.Http.HttpConnectionPool.SendWithVersionDetectionAndRetryAsync(HttpRequestMessage request, Boolean async, Boolean doRequestAuth, CancellationToken cancellationToken)
   at System.Net.Http.HttpMessageHandlerStage.Send(HttpRequestMessage request, CancellationToken cancellationToken)
   at System.Net.Http.RedirectHandler.SendAsync(HttpRequestMessage request, Boolean async, CancellationToken cancellationToken)
   at System.Net.Http.HttpMessageInvoker.Send(HttpRequestMessage request, CancellationToken cancellationToken)
   at System.Net.Http.HttpClient.Send(HttpRequestMessage request, HttpCompletionOption completionOption, CancellationToken cancellationToken)
   at System.Net.HttpWebRequest.SendRequest(Boolean async)
   at System.Net.HttpWebRequest.GetResponse()
   --- End of inner exception stack trace ---
   at System.Net.HttpWebRequest.GetResponse()
   at HtmlAgilityPack.HtmlWeb.Get(Uri uri, String method, String path, HtmlDocument doc, IWebProxy proxy, ICredentials creds)
   at HtmlAgilityPack.HtmlWeb.Load(Uri uri, String method)
   at ParsingWebSite.Classes.WebsiteParsing.GetDocument(String url) in C:\Users\georg\source\repos\ParsingWebSite\ParsingWebSite\Classes\WebsiteParsing.cs:line 18
2025-12-05 01:04:47,983 [36] DEBUG - Задержка для следующего парсинга страниц: 1378
2025-12-05 01:04:48,013 [27] ERROR - Ошибка на странице 705. Подробнее: 
System.Exception: Проверьте подключение к интернету или правильность ссылки на сайт!
   at ParsingWebSite.Classes.WebsiteParsing.GetDocument(String url) in C:\Users\georg\source\repos\ParsingWebSite\ParsingWebSite\Classes\WebsiteParsing.cs:line 27
   at ParsingWebSite.Classes.WebsiteParsing.<>c__DisplayClass3_0.<GetLinks>b__0(Int32 i) in C:\Users\georg\source\repos\ParsingWebSite\ParsingWebSite\Classes\WebsiteParsing.cs:line 82
2025-12-05 01:04:48,034 [40] INFO  - Страница загружена: https://www.wienerborse.at/en/bonds/?c7928-page=729
2025-12-05 01:04:48,046 [40] DEBUG - Вытянута 729 страница из 757
2025-12-05 01:04:48,074 [26] INFO  - Страница загружена: https://www.wienerborse.at/en/bonds/?c7928-page=29
2025-12-05 01:04:48,077 [26] DEBUG - Вытянута 29 страница из 757
2025-12-05 01:04:48,196 [34] DEBUG - Задержка для следующего парсинга страниц: 2669
2025-12-05 01:04:48,290 [33] DEBUG - Задержка для следующего парсинга страниц: 1792
2025-12-05 01:04:48,368 [23] INFO  - Страница загружена: https://www.wienerborse.at/en/bonds/?c7928-page=604
2025-12-05 01:04:48,370 [23] DEBUG - Вытянута 604 страница из 757
2025-12-05 01:04:48,482 [12] INFO  - Страница загружена: https://www.wienerborse.at/en/bonds/?c7928-page=355
2025-12-05 01:04:48,485 [12] DEBUG - Вытянута 355 страница из 757
2025-12-05 01:04:48,694 [24] DEBUG - Задержка для следующего парсинга страниц: 3311
2025-12-05 01:04:49,447 [21] DEBUG - Задержка для следующего парсинга страниц: 3822
2025-12-05 01:04:50,072 [29] INFO  - Страница загружена: https://www.wienerborse.at/en/bonds/?c7928-page=330
2025-12-05 01:04:50,075 [29] DEBUG - Вытянута 330 страница из 757
2025-12-05 01:04:50,435 [12] DEBUG - Задержка для следующего парсинга страниц: 1939
2025-12-05 01:04:50,764 [37] INFO  - Страница загружена: https://www.wienerborse.at/en/bonds/?c7928-page=454
2025-12-05 01:04:50,766 [37] DEBUG - Вытянута 454 страница из 757
2025-12-05 01:04:51,356 [23] DEBUG - Задержка для следующего парсинга страниц: 2972
2025-12-05 01:04:51,575 [26] DEBUG - Задержка для следующего парсинга страниц: 3476
2025-12-05 01:04:51,606 [17] INFO  - Страница загружена: https://www.wienerborse.at/en/bonds/?c7928-page=255
2025-12-05 01:04:51,610 [17] DEBUG - Вытянута 255 страница из 757
2025-12-05 01:04:51,920 [27] DEBUG - Задержка для следующего парсинга страниц: 3891
2025-12-05 01:04:52,218 [19] INFO  - Страница загружена: https://www.wienerborse.at/en/bonds/?c7928-page=305
2025-12-05 01:04:52,221 [19] DEBUG - Вытянута 305 страница из 757
2025-12-05 01:04:52,513 [40] DEBUG - Задержка для следующего парсинга страниц: 4464
2025-12-05 01:04:53,102 [20] INFO  - Страница загружена: https://www.wienerborse.at/en/bonds/?c7928-page=655
2025-12-05 01:04:53,104 [20] DEBUG - Вытянута 655 страница из 757
2025-12-05 01:04:53,875 [29] DEBUG - Задержка для следующего парсинга страниц: 3790
2025-12-05 01:04:53,893 [39] INFO  - Страница загружена: https://www.wienerborse.at/en/bonds/?c7928-page=205
2025-12-05 01:04:53,896 [39] DEBUG - Вытянута 205 страница из 757
2025-12-05 01:04:54,065 [22] INFO  - Страница загружена: https://www.wienerborse.at/en/bonds/?c7928-page=680
2025-12-05 01:04:54,067 [22] DEBUG - Вытянута 680 страница из 757
2025-12-05 01:04:54,181 [37] DEBUG - Задержка для следующего парсинга страниц: 3400
2025-12-05 01:04:54,388 [13] INFO  - Страница загружена: https://www.wienerborse.at/en/bonds/?c7928-page=155
2025-12-05 01:04:54,393 [13] DEBUG - Вытянута 155 страница из 757
2025-12-05 01:04:55,619 [19] DEBUG - Задержка для следующего парсинга страниц: 3373
2025-12-05 01:04:56,117 [17] DEBUG - Задержка для следующего парсинга страниц: 4484
2025-12-05 01:04:56,428 [40] ERROR - Проверьте подключение к интернету или правильность ссылки на сайт! Подробнее: 
System.Net.WebException: An error occurred while sending the request.
 ---> System.Net.Http.HttpRequestException: An error occurred while sending the request.
 ---> System.Net.Http.HttpIOException: The response ended prematurely. (ResponseEnded)
   at System.Net.Http.HttpConnection.SendAsync(HttpRequestMessage request, Boolean async, CancellationToken cancellationToken)
   --- End of inner exception stack trace ---
   at System.Net.Http.HttpConnection.SendAsync(HttpRequestMessage request, Boolean async, CancellationToken cancellationToken)
   at System.Net.Http.HttpConnectionPool.SendWithVersionDetectionAndRetryAsync(HttpRequestMessage request, Boolean async, Boolean doRequestAuth, CancellationToken cancellationToken)
   at System.Net.Http.HttpMessageHandlerStage.Send(HttpRequestMessage request, CancellationToken cancellationToken)
   at System.Net.Http.RedirectHandler.SendAsync(HttpRequestMessage request, Boolean async, CancellationToken cancellationToken)
   at System.Net.Http.HttpMessageInvoker.Send(HttpRequestMessage request, CancellationToken cancellationToken)
   at System.Net.Http.HttpClient.Send(HttpRequestMessage request, HttpCompletionOption completionOption, CancellationToken cancellationToken)
   at System.Net.HttpWebRequest.SendRequest(Boolean async)
   at System.Net.HttpWebRequest.GetResponse()
   --- End of inner exception stack trace ---
   at System.Net.HttpWebRequest.GetResponse()
   at HtmlAgilityPack.HtmlWeb.Get(Uri uri, String method, String path, HtmlDocument doc, IWebProxy proxy, ICredentials creds)
   at HtmlAgilityPack.HtmlWeb.Load(Uri uri, String method)
   at ParsingWebSite.Classes.WebsiteParsing.GetDocument(String url) in C:\Users\georg\source\repos\ParsingWebSite\ParsingWebSite\Classes\WebsiteParsing.cs:line 18
2025-12-05 01:04:56,463 [40] ERROR - Ошибка на странице 730. Подробнее: 
System.Exception: Проверьте подключение к интернету или правильность ссылки на сайт!
   at ParsingWebSite.Classes.WebsiteParsing.GetDocument(String url) in C:\Users\georg\source\repos\ParsingWebSite\ParsingWebSite\Classes\WebsiteParsing.cs:line 27
   at ParsingWebSite.Classes.WebsiteParsing.<>c__DisplayClass3_0.<GetLinks>b__0(Int32 i) in C:\Users\georg\source\repos\ParsingWebSite\ParsingWebSite\Classes\WebsiteParsing.cs:line 82
2025-12-05 01:04:56,483 [20] DEBUG - Задержка для следующего парсинга страниц: 3356
2025-12-05 01:04:56,522 [39] DEBUG - Задержка для следующего парсинга страниц: 2620
2025-12-05 01:04:56,523 [25] INFO  - Страница загружена: https://www.wienerborse.at/en/bonds/?c7928-page=480
2025-12-05 01:04:56,524 [14] INFO  - Страница загружена: https://www.wienerborse.at/en/bonds/?c7928-page=180
2025-12-05 01:04:56,525 [25] DEBUG - Вытянута 480 страница из 757
2025-12-05 01:04:56,527 [14] DEBUG - Вытянута 180 страница из 757
2025-12-05 01:04:56,615 [22] DEBUG - Задержка для следующего парсинга страниц: 2539
2025-12-05 01:04:57,246 [31] INFO  - Страница загружена: https://www.wienerborse.at/en/bonds/?c7928-page=580
2025-12-05 01:04:57,251 [31] DEBUG - Вытянута 580 страница из 757
2025-12-05 01:04:57,563 [7] INFO  - Страница загружена: https://www.wienerborse.at/en/bonds/?c7928-page=80
2025-12-05 01:04:57,567 [7] DEBUG - Вытянута 80 страница из 757
2025-12-05 01:04:57,864 [40] DEBUG - Задержка для следующего парсинга страниц: 1394
2025-12-05 01:04:58,481 [14] DEBUG - Задержка для следующего парсинга страниц: 1937
2025-12-05 01:04:58,828 [13] DEBUG - Задержка для следующего парсинга страниц: 4426
2025-12-05 01:04:59,112 [32] INFO  - Страница загружена: https://www.wienerborse.at/en/bonds/?c7928-page=629
2025-12-05 01:04:59,116 [32] DEBUG - Вытянута 629 страница из 757
2025-12-05 01:04:59,485 [31] DEBUG - Задержка для следующего парсинга страниц: 2224
2025-12-05 01:05:00,817 [25] DEBUG - Задержка для следующего парсинга страниц: 4280
2025-12-05 01:05:00,927 [7] DEBUG - Задержка для следующего парсинга страниц: 3353
2025-12-05 01:05:01,239 [32] DEBUG - Задержка для следующего парсинга страниц: 2107
2025-12-05 01:05:01,300 [15] INFO  - Страница загружена: https://www.wienerborse.at/en/bonds/?c7928-page=405
2025-12-05 01:05:01,304 [15] DEBUG - Вытянута 405 страница из 757
2025-12-05 01:05:02,907 [30] INFO  - Страница загружена: https://www.wienerborse.at/en/bonds/?c7928-page=131
2025-12-05 01:05:02,910 [30] DEBUG - Вытянута 131 страница из 757
2025-12-05 01:05:04,490 [15] DEBUG - Задержка для следующего парсинга страниц: 3174
2025-12-05 01:05:05,129 [34] INFO  - Страница загружена: https://www.wienerborse.at/en/bonds/?c7928-page=381
2025-12-05 01:05:05,132 [34] DEBUG - Вытянута 381 страница из 757
2025-12-05 01:05:05,436 [27] INFO  - Страница загружена: https://www.wienerborse.at/en/bonds/?c7928-page=706
2025-12-05 01:05:05,440 [27] DEBUG - Вытянута 706 страница из 757
2025-12-05 01:05:05,736 [30] DEBUG - Задержка для следующего парсинга страниц: 2815
2025-12-05 01:05:06,915 [18] INFO  - Страница загружена: https://www.wienerborse.at/en/bonds/?c7928-page=281
2025-12-05 01:05:06,919 [18] DEBUG - Вытянута 281 страница из 757
2025-12-05 01:05:08,317 [27] DEBUG - Задержка для следующего парсинга страниц: 2872
2025-12-05 01:05:08,318 [34] DEBUG - Задержка для следующего парсинга страниц: 3184
2025-12-05 01:05:08,694 [1] INFO  - Страница загружена: https://www.wienerborse.at/en/bonds/?c7928-page=55
2025-12-05 01:05:08,697 [1] DEBUG - Вытянута 55 страница из 757
2025-12-05 01:05:09,996 [18] DEBUG - Задержка для следующего парсинга страниц: 3074
2025-12-05 01:05:10,605 [1] DEBUG - Задержка для следующего парсинга страниц: 1896
2025-12-05 01:05:11,174 [35] INFO  - Страница загружена: https://www.wienerborse.at/en/bonds/?c7928-page=231
2025-12-05 01:05:11,176 [35] DEBUG - Вытянута 231 страница из 757
2025-12-05 01:05:12,217 [35] DEBUG - Задержка для следующего парсинга страниц: 1036
2025-12-05 01:05:14,396 [24] INFO  - Страница загружена: https://www.wienerborse.at/en/bonds/?c7928-page=431
2025-12-05 01:05:14,400 [24] DEBUG - Вытянута 431 страница из 757
