2025-11-26 11:45:15,931 [1] DEBUG - Приложение запущено
2025-11-26 11:45:15,941 [1] INFO  - Начало работы
2025-11-26 11:45:15,953 [1] INFO  - =============
2025-11-26 11:45:15,953 [1] INFO  - Парсинг сайта
2025-11-26 11:45:15,953 [1] INFO  - =============
2025-11-26 11:45:18,137 [1] INFO  - Страница загружена: https://www.wienerborse.at/en/bonds/
2025-11-26 11:45:18,138 [1] INFO  - Получение количества страниц таблцы
2025-11-26 11:45:18,150 [1] INFO  - Успешное получение количества страниц таблицы. Страниц: 751
2025-11-26 11:45:18,178 [1] DEBUG - Получение данных со страницы
2025-11-26 11:45:18,178 [1] INFO  - =============
2025-11-26 11:45:18,178 [1] INFO  - Парсинг сайта
2025-11-26 11:45:18,178 [1] INFO  - =============
2025-11-26 11:45:20,454 [1] INFO  - Страница загружена: https://www.wienerborse.at/en/bonds/?c7928-page=1
2025-11-26 11:45:20,459 [1] INFO  - Получение заголовка таблицы
2025-11-26 11:45:20,459 [1] INFO  - Сохранение заголовка
2025-11-26 11:45:20,460 [1] DEBUG - Вытянуто 1 страница из 751
2025-11-26 11:45:20,460 [1] INFO  - =============
2025-11-26 11:45:20,460 [1] INFO  - Парсинг сайта
2025-11-26 11:45:20,460 [1] INFO  - =============
2025-11-26 11:45:23,024 [1] INFO  - Страница загружена: https://www.wienerborse.at/en/bonds/?c7928-page=2
2025-11-26 11:45:23,030 [1] DEBUG - Вытянуто 2 страница из 751
2025-11-26 11:45:23,031 [1] INFO  - =============
2025-11-26 11:45:23,031 [1] INFO  - Парсинг сайта
2025-11-26 11:45:23,031 [1] INFO  - =============
2025-11-26 11:45:26,844 [1] INFO  - Страница загружена: https://www.wienerborse.at/en/bonds/?c7928-page=3
2025-11-26 11:45:26,847 [1] DEBUG - Вытянуто 3 страница из 751
2025-11-26 11:45:26,847 [1] INFO  - =============
2025-11-26 11:45:26,848 [1] INFO  - Парсинг сайта
2025-11-26 11:45:26,848 [1] INFO  - =============
2025-11-26 11:45:28,356 [1] INFO  - Страница загружена: https://www.wienerborse.at/en/bonds/?c7928-page=4
2025-11-26 11:45:28,360 [1] DEBUG - Вытянуто 4 страница из 751
2025-11-26 11:45:28,360 [1] INFO  - =============
2025-11-26 11:45:28,360 [1] INFO  - Парсинг сайта
2025-11-26 11:45:28,360 [1] INFO  - =============
2025-11-26 11:45:32,401 [1] INFO  - Страница загружена: https://www.wienerborse.at/en/bonds/?c7928-page=5
2025-11-26 11:45:32,407 [1] DEBUG - Вытянуто 5 страница из 751
2025-11-26 11:45:32,409 [1] INFO  - =============
2025-11-26 11:45:32,409 [1] INFO  - Парсинг сайта
2025-11-26 11:45:32,409 [1] INFO  - =============
2025-11-26 11:45:36,159 [1] INFO  - Страница загружена: https://www.wienerborse.at/en/bonds/?c7928-page=6
2025-11-26 11:45:36,164 [1] DEBUG - Вытянуто 6 страница из 751
2025-11-26 11:45:36,164 [1] INFO  - =============
2025-11-26 11:45:36,164 [1] INFO  - Парсинг сайта
2025-11-26 11:45:36,164 [1] INFO  - =============
2025-11-26 11:45:39,748 [1] INFO  - Страница загружена: https://www.wienerborse.at/en/bonds/?c7928-page=7
2025-11-26 11:45:39,752 [1] DEBUG - Вытянуто 7 страница из 751
2025-11-26 11:45:39,752 [1] INFO  - =============
2025-11-26 11:45:39,752 [1] INFO  - Парсинг сайта
2025-11-26 11:45:39,752 [1] INFO  - =============
2025-11-26 11:45:43,326 [1] INFO  - Страница загружена: https://www.wienerborse.at/en/bonds/?c7928-page=8
2025-11-26 11:45:43,330 [1] DEBUG - Вытянуто 8 страница из 751
2025-11-26 11:45:43,330 [1] INFO  - =============
2025-11-26 11:45:43,330 [1] INFO  - Парсинг сайта
2025-11-26 11:45:43,330 [1] INFO  - =============
2025-11-26 11:45:47,247 [1] INFO  - Страница загружена: https://www.wienerborse.at/en/bonds/?c7928-page=9
2025-11-26 11:45:47,253 [1] DEBUG - Вытянуто 9 страница из 751
2025-11-26 11:45:47,254 [1] INFO  - =============
2025-11-26 11:45:47,254 [1] INFO  - Парсинг сайта
2025-11-26 11:45:47,254 [1] INFO  - =============
2025-11-26 11:45:51,440 [1] INFO  - Страница загружена: https://www.wienerborse.at/en/bonds/?c7928-page=10
2025-11-26 11:45:51,446 [1] DEBUG - Вытянуто 10 страница из 751
2025-11-26 11:45:51,446 [1] INFO  - Успешное получение данных!
2025-11-26 11:45:51,460 [1] INFO  - Создание файла
2025-11-26 11:45:51,460 [1] DEBUG - Создание файла 26.11.2025.csv
2025-11-26 11:45:51,462 [1] DEBUG - Путь к файлу: ../../../Documents/26.11.2025.csv
2025-11-26 11:45:51,462 [1] INFO  - Запись в файл
2025-11-26 11:45:51,497 [1] INFO  - Успешное создание файла
2025-11-26 11:45:51,497 [1] INFO  - Данные успешно получены и экспортированы
2025-11-26 11:45:51,497 [1] INFO  - Приложение завершено
2025-11-26 12:51:32,763 [1] DEBUG - Приложение запущено
2025-11-26 12:51:32,774 [1] INFO  - Начало работы
2025-11-26 12:51:33,366 [1] INFO  - =============
2025-11-26 12:51:33,366 [1] INFO  - Парсинг сайта
2025-11-26 12:51:33,366 [1] INFO  - =============
2025-11-26 12:51:35,796 [1] INFO  - Страница загружена: https://www.wienerborse.at/en/bonds/
2025-11-26 12:51:35,796 [1] INFO  - Получение количества страниц таблцы
2025-11-26 12:51:35,821 [1] INFO  - Успешное получение количества страниц таблицы. Страниц: 751
2025-11-26 12:51:35,826 [1] DEBUG - Получение данных со страницы
2025-11-26 12:51:35,826 [1] INFO  - =============
2025-11-26 12:51:35,826 [1] INFO  - Парсинг сайта
2025-11-26 12:51:35,826 [1] INFO  - =============
2025-11-26 12:51:37,733 [1] INFO  - Страница загружена: https://www.wienerborse.at/en/bonds/?c7928-page=1
2025-11-26 12:51:37,737 [1] INFO  - Получение заголовка таблицы
2025-11-26 12:51:37,737 [1] INFO  - Сохранение заголовка
2025-11-26 12:51:37,738 [1] DEBUG - Вытянуто 1 страница из 751
2025-11-26 12:51:37,738 [1] INFO  - =============
2025-11-26 12:51:37,738 [1] INFO  - Парсинг сайта
2025-11-26 12:51:37,738 [1] INFO  - =============
2025-11-26 12:51:40,219 [1] INFO  - Страница загружена: https://www.wienerborse.at/en/bonds/?c7928-page=2
2025-11-26 12:51:40,229 [1] DEBUG - Вытянуто 2 страница из 751
2025-11-26 12:51:40,229 [1] INFO  - =============
2025-11-26 12:51:40,229 [1] INFO  - Парсинг сайта
2025-11-26 12:51:40,229 [1] INFO  - =============
2025-11-26 12:51:42,591 [1] INFO  - Страница загружена: https://www.wienerborse.at/en/bonds/?c7928-page=3
2025-11-26 12:51:42,595 [1] DEBUG - Вытянуто 3 страница из 751
2025-11-26 12:51:42,596 [1] INFO  - =============
2025-11-26 12:51:42,596 [1] INFO  - Парсинг сайта
2025-11-26 12:51:42,596 [1] INFO  - =============
2025-11-26 12:51:45,451 [1] INFO  - Страница загружена: https://www.wienerborse.at/en/bonds/?c7928-page=4
2025-11-26 12:51:45,455 [1] DEBUG - Вытянуто 4 страница из 751
2025-11-26 12:51:45,455 [1] INFO  - =============
2025-11-26 12:51:45,455 [1] INFO  - Парсинг сайта
2025-11-26 12:51:45,456 [1] INFO  - =============
2025-11-26 12:51:48,505 [1] INFO  - Страница загружена: https://www.wienerborse.at/en/bonds/?c7928-page=5
2025-11-26 12:51:48,510 [1] DEBUG - Вытянуто 5 страница из 751
2025-11-26 12:51:48,511 [1] INFO  - =============
2025-11-26 12:51:48,511 [1] INFO  - Парсинг сайта
2025-11-26 12:51:48,511 [1] INFO  - =============
2025-11-26 12:51:52,280 [1] INFO  - Страница загружена: https://www.wienerborse.at/en/bonds/?c7928-page=6
2025-11-26 12:51:52,283 [1] DEBUG - Вытянуто 6 страница из 751
2025-11-26 12:51:52,283 [1] INFO  - =============
2025-11-26 12:51:52,283 [1] INFO  - Парсинг сайта
2025-11-26 12:51:52,283 [1] INFO  - =============
2025-11-26 12:51:55,169 [1] INFO  - Страница загружена: https://www.wienerborse.at/en/bonds/?c7928-page=7
2025-11-26 12:51:55,172 [1] DEBUG - Вытянуто 7 страница из 751
2025-11-26 12:51:55,173 [1] INFO  - =============
2025-11-26 12:51:55,173 [1] INFO  - Парсинг сайта
2025-11-26 12:51:55,173 [1] INFO  - =============
2025-11-26 12:51:57,884 [1] INFO  - Страница загружена: https://www.wienerborse.at/en/bonds/?c7928-page=8
2025-11-26 12:51:57,888 [1] DEBUG - Вытянуто 8 страница из 751
2025-11-26 12:51:57,888 [1] INFO  - =============
2025-11-26 12:51:57,888 [1] INFO  - Парсинг сайта
2025-11-26 12:51:57,888 [1] INFO  - =============
2025-11-26 12:52:00,582 [1] INFO  - Страница загружена: https://www.wienerborse.at/en/bonds/?c7928-page=9
2025-11-26 12:52:00,585 [1] DEBUG - Вытянуто 9 страница из 751
2025-11-26 12:52:00,585 [1] INFO  - =============
2025-11-26 12:52:00,585 [1] INFO  - Парсинг сайта
2025-11-26 12:52:00,585 [1] INFO  - =============
2025-11-26 12:52:03,643 [1] INFO  - Страница загружена: https://www.wienerborse.at/en/bonds/?c7928-page=10
2025-11-26 12:52:03,678 [1] DEBUG - Вытянуто 10 страница из 751
2025-11-26 12:52:03,678 [1] INFO  - Успешное получение данных!
2025-11-26 12:52:04,028 [1] INFO  - Создание файла
2025-11-26 12:52:04,028 [1] DEBUG - Создание файла 26.11.2025.csv
2025-11-26 12:52:04,030 [1] DEBUG - Путь к файлу: ../../../Documents/26.11.2025.csv
2025-11-26 12:52:04,030 [1] INFO  - Запись в файл
2025-11-26 12:52:04,072 [1] INFO  - Успешное создание файла
2025-11-26 12:52:04,072 [1] INFO  - Данные успешно получены и экспортированы
2025-11-26 12:52:04,072 [1] INFO  - Приложение завершено
