2025-12-02 10:41:59,032 [1] INFO  - Страница загружена: https://www.wienerborse.at/en/bonds/
2025-12-02 10:41:59,043 [1] INFO  - Получение количества страниц таблицы
2025-12-02 10:41:59,063 [1] INFO  - Успешное получение количества страниц таблицы. Страниц: 758
2025-12-02 10:41:59,068 [1] DEBUG - Получение данных со страницы
2025-12-02 10:42:01,268 [9] DEBUG - Задержка для следующего парсинга страниц: 2170
2025-12-02 10:42:01,855 [7] DEBUG - Задержка для следующего парсинга страниц: 2750
2025-12-02 10:42:02,354 [1] DEBUG - Задержка для следующего парсинга страниц: 3261
2025-12-02 10:42:02,889 [5] DEBUG - Задержка для следующего парсинга страниц: 3788
2025-12-02 10:42:02,891 [9] INFO  - Страница загружена: https://www.wienerborse.at/en/bonds/?c7928-page=454
2025-12-02 10:42:02,896 [9] DEBUG - Вытянута 454 страница из 758
2025-12-02 10:42:03,888 [10] DEBUG - Задержка для следующего парсинга страниц: 4782
2025-12-02 10:42:03,901 [1] INFO  - Страница загружена: https://www.wienerborse.at/en/bonds/?c7928-page=1
2025-12-02 10:42:03,907 [1] INFO  - Получение заголовка таблицы
2025-12-02 10:42:03,907 [1] INFO  - Сохранение заголовка
2025-12-02 10:42:03,908 [1] DEBUG - Вытянута 1 страница из 758
2025-12-02 10:42:04,585 [5] INFO  - Страница загружена: https://www.wienerborse.at/en/bonds/?c7928-page=605
2025-12-02 10:42:04,589 [5] DEBUG - Вытянута 605 страница из 758
2025-12-02 10:42:04,622 [9] DEBUG - Задержка для следующего парсинга страниц: 1712
2025-12-02 10:42:05,016 [7] INFO  - Страница загружена: https://www.wienerborse.at/en/bonds/?c7928-page=152
2025-12-02 10:42:05,020 [7] DEBUG - Вытянута 152 страница из 758
2025-12-02 10:42:05,171 [10] INFO  - Страница загружена: https://www.wienerborse.at/en/bonds/?c7928-page=303
2025-12-02 10:42:05,175 [10] DEBUG - Вытянута 303 страница из 758
2025-12-02 10:42:06,456 [10] DEBUG - Задержка для следующего парсинга страниц: 1272
2025-12-02 10:42:06,477 [9] INFO  - Страница загружена: https://www.wienerborse.at/en/bonds/?c7928-page=455
2025-12-02 10:42:06,482 [9] DEBUG - Вытянута 455 страница из 758
2025-12-02 10:42:07,538 [5] DEBUG - Задержка для следующего парсинга страниц: 2933
2025-12-02 10:42:08,037 [10] INFO  - Страница загружена: https://www.wienerborse.at/en/bonds/?c7928-page=304
2025-12-02 10:42:08,041 [10] DEBUG - Вытянута 304 страница из 758
2025-12-02 10:42:08,397 [1] DEBUG - Задержка для следующего парсинга страниц: 4477
2025-12-02 10:42:08,406 [14] DEBUG - Задержка для следующего парсинга страниц: 3382
2025-12-02 10:42:09,084 [9] DEBUG - Задержка для следующего парсинга страниц: 2601
